<?xml version="1.0" encoding="UTF-8"?>
<testsuite name="com.maxnumbergeneric.FindMaximumTest" tests="1" skipped="0" failures="0" errors="0" timestamp="2021-05-19T11:18:03" hostname="LAPTOP-LN4L4KQQ" time="0.034">
  <properties/>
  <testcase name="maximumFirstStringTest()" classname="com.maxnumbergeneric.FindMaximumTest" time="0.034"/>
  <system-out><![CDATA[]]></system-out>
  <system-err><![CDATA[]]></system-err>
</testsuite>
