<?xml version="1.0" encoding="UTF-8"?>
<testsuite name="com.maxnumbergeneric.FindMaximumTest" tests="1" skipped="0" failures="0" errors="0" timestamp="2021-05-19T09:27:34" hostname="LAPTOP-LN4L4KQQ" time="0.038">
  <properties/>
  <testcase name="firstNumberIntegerTest()" classname="com.maxnumbergeneric.FindMaximumTest" time="0.038"/>
  <system-out><![CDATA[]]></system-out>
  <system-err><![CDATA[]]></system-err>
</testsuite>
